Copyright 1986-2018 Xilinx, Inc. All Rights Reserved.
------------------------------------------------------------------------------------------
| Tool Version : Vivado v.2018.1 (lin64) Build 2188600 Wed Apr  4 18:39:19 MDT 2018
| Date         : Thu Jun  7 17:23:05 2018
| Host         : quagmire running 64-bit unknown
| Command      : report_control_sets -verbose -file dual_port_ram_control_sets_placed.rpt
| Design       : dual_port_ram
| Device       : xc7z020
------------------------------------------------------------------------------------------

Control Set Information

Table of Contents
-----------------
1. Summary
2. Histogram
3. Flip-Flop Distribution
4. Detailed Control Set Information

1. Summary
----------

+----------------------------------------------------------+-------+
|                          Status                          | Count |
+----------------------------------------------------------+-------+
| Number of unique control sets                            |   315 |
| Unused register locations in slices containing registers |     0 |
+----------------------------------------------------------+-------+


2. Histogram
------------

+--------+--------------+
| Fanout | Control Sets |
+--------+--------------+
|    16+ |          315 |
+--------+--------------+


3. Flip-Flop Distribution
-------------------------

+--------------+-----------------------+------------------------+-----------------+--------------+
| Clock Enable | Synchronous Set/Reset | Asynchronous Set/Reset | Total Registers | Total Slices |
+--------------+-----------------------+------------------------+-----------------+--------------+
| No           | No                    | No                     |              16 |           11 |
| No           | No                    | Yes                    |               0 |            0 |
| No           | Yes                   | No                     |               0 |            0 |
| Yes          | No                    | No                     |               0 |            0 |
| Yes          | No                    | Yes                    |               0 |            0 |
| Yes          | Yes                   | No                     |               0 |            0 |
+--------------+-----------------------+------------------------+-----------------+--------------+


4. Detailed Control Set Information
-----------------------------------

+----------------+---------------------------------+------------------+------------------+----------------+
|  Clock Signal  |          Enable Signal          | Set/Reset Signal | Slice Load Count | Bel Load Count |
+----------------+---------------------------------+------------------+------------------+----------------+
|  clk_IBUF_BUFG |                                 |                  |               11 |             16 |
|  clk_IBUF_BUFG | ram_reg_4352_4415_0_2_i_1_n_0   |                  |                6 |             22 |
|  clk_IBUF_BUFG | ram_reg_3264_3327_0_2_i_1_n_0   |                  |                6 |             22 |
|  clk_IBUF_BUFG | ram_reg_4288_4351_0_2_i_1_n_0   |                  |                6 |             22 |
|  clk_IBUF_BUFG | ram_reg_4224_4287_0_2_i_1_n_0   |                  |                6 |             22 |
|  clk_IBUF_BUFG | ram_reg_4160_4223_0_2_i_1_n_0   |                  |                6 |             22 |
|  clk_IBUF_BUFG | ram_reg_4096_4159_0_2_i_1_n_0   |                  |                6 |             22 |
|  clk_IBUF_BUFG | ram_reg_4032_4095_0_2_i_1_n_0   |                  |                6 |             22 |
|  clk_IBUF_BUFG | ram_reg_3968_4031_0_2_i_1_n_0   |                  |                6 |             22 |
|  clk_IBUF_BUFG | ram_reg_3904_3967_0_2_i_1_n_0   |                  |                6 |             22 |
|  clk_IBUF_BUFG | ram_reg_384_447_0_2_i_1_n_0     |                  |                6 |             22 |
|  clk_IBUF_BUFG | ram_reg_3840_3903_0_2_i_1_n_0   |                  |                6 |             22 |
|  clk_IBUF_BUFG | ram_reg_3776_3839_0_2_i_1_n_0   |                  |                6 |             22 |
|  clk_IBUF_BUFG | ram_reg_3712_3775_0_2_i_1_n_0   |                  |                6 |             22 |
|  clk_IBUF_BUFG | ram_reg_3648_3711_0_2_i_1_n_0   |                  |                6 |             22 |
|  clk_IBUF_BUFG | ram_reg_3584_3647_0_2_i_1_n_0   |                  |                6 |             22 |
|  clk_IBUF_BUFG | ram_reg_3520_3583_0_2_i_1_n_0   |                  |                6 |             22 |
|  clk_IBUF_BUFG | ram_reg_3456_3519_0_2_i_1_n_0   |                  |                6 |             22 |
|  clk_IBUF_BUFG | ram_reg_3392_3455_0_2_i_1_n_0   |                  |                6 |             22 |
|  clk_IBUF_BUFG | ram_reg_3328_3391_0_2_i_1_n_0   |                  |                6 |             22 |
|  clk_IBUF_BUFG | ram_reg_5440_5503_0_2_i_1_n_0   |                  |                6 |             22 |
|  clk_IBUF_BUFG | ram_reg_4928_4991_0_2_i_1_n_0   |                  |                6 |             22 |
|  clk_IBUF_BUFG | ram_reg_5504_5567_0_2_i_1_n_0   |                  |                6 |             22 |
|  clk_IBUF_BUFG | ram_reg_5376_5439_0_2_i_1_n_0   |                  |                6 |             22 |
|  clk_IBUF_BUFG | ram_reg_5312_5375_0_2_i_1_n_0   |                  |                6 |             22 |
|  clk_IBUF_BUFG | ram_reg_5248_5311_0_2_i_1_n_0   |                  |                6 |             22 |
|  clk_IBUF_BUFG | ram_reg_5184_5247_0_2_i_1_n_0   |                  |                6 |             22 |
|  clk_IBUF_BUFG | ram_reg_512_575_0_2_i_1_n_0     |                  |                6 |             22 |
|  clk_IBUF_BUFG | ram_reg_5120_5183_0_2_i_1_n_0   |                  |                6 |             22 |
|  clk_IBUF_BUFG | ram_reg_5056_5119_0_2_i_1_n_0   |                  |                6 |             22 |
|  clk_IBUF_BUFG | ram_reg_4992_5055_0_2_i_1_n_0   |                  |                6 |             22 |
|  clk_IBUF_BUFG | ram_reg_4416_4479_0_2_i_1_n_0   |                  |                6 |             22 |
|  clk_IBUF_BUFG | ram_reg_4864_4927_0_2_i_1_n_0   |                  |                6 |             22 |
|  clk_IBUF_BUFG | ram_reg_4800_4863_0_2_i_1_n_0   |                  |                6 |             22 |
|  clk_IBUF_BUFG | ram_reg_4736_4799_0_2_i_1_n_0   |                  |                6 |             22 |
|  clk_IBUF_BUFG | ram_reg_4672_4735_0_2_i_1_n_0   |                  |                6 |             22 |
|  clk_IBUF_BUFG | ram_reg_4608_4671_0_2_i_1_n_0   |                  |                6 |             22 |
|  clk_IBUF_BUFG | ram_reg_4544_4607_0_2_i_1_n_0   |                  |                6 |             22 |
|  clk_IBUF_BUFG | ram_reg_448_511_0_2_i_1_n_0     |                  |                6 |             22 |
|  clk_IBUF_BUFG | ram_reg_4480_4543_0_2_i_1_n_0   |                  |                6 |             22 |
|  clk_IBUF_BUFG | ram_reg_19584_19647_0_2_i_1_n_0 |                  |                6 |             22 |
|  clk_IBUF_BUFG | ram_reg_2048_2111_0_2_i_1_n_0   |                  |                6 |             22 |
|  clk_IBUF_BUFG | ram_reg_20032_20095_0_2_i_1_n_0 |                  |                6 |             22 |
|  clk_IBUF_BUFG | ram_reg_19968_20031_0_2_i_1_n_0 |                  |                6 |             22 |
|  clk_IBUF_BUFG | ram_reg_19904_19967_0_2_i_1_n_0 |                  |                6 |             22 |
|  clk_IBUF_BUFG | ram_reg_1984_2047_0_2_i_1_n_0   |                  |                6 |             22 |
|  clk_IBUF_BUFG | ram_reg_19840_19903_0_2_i_1_n_0 |                  |                6 |             22 |
|  clk_IBUF_BUFG | ram_reg_19776_19839_0_2_i_1_n_0 |                  |                6 |             22 |
|  clk_IBUF_BUFG | ram_reg_19712_19775_0_2_i_1_n_0 |                  |                6 |             22 |
|  clk_IBUF_BUFG | ram_reg_19648_19711_0_2_i_1_n_0 |                  |                6 |             22 |
|  clk_IBUF_BUFG | ram_reg_2112_2175_0_2_i_1_n_0   |                  |                6 |             22 |
|  clk_IBUF_BUFG | ram_reg_19520_19583_0_2_i_1_n_0 |                  |                6 |             22 |
|  clk_IBUF_BUFG | ram_reg_19456_19519_0_2_i_1_n_0 |                  |                6 |             22 |
|  clk_IBUF_BUFG | ram_reg_19392_19455_0_2_i_1_n_0 |                  |                6 |             22 |
|  clk_IBUF_BUFG | ram_reg_19328_19391_0_2_i_1_n_0 |                  |                6 |             22 |
|  clk_IBUF_BUFG | ram_reg_192_255_0_2_i_1_n_0     |                  |                6 |             22 |
|  clk_IBUF_BUFG | ram_reg_19264_19327_0_2_i_1_n_0 |                  |                6 |             22 |
|  clk_IBUF_BUFG | ram_reg_1920_1983_0_2_i_1_n_0   |                  |                6 |             22 |
|  clk_IBUF_BUFG | ram_reg_19200_19263_0_2_i_1_n_0 |                  |                6 |             22 |
|  clk_IBUF_BUFG | ram_reg_19136_19199_0_2_i_1_n_0 |                  |                6 |             22 |
|  clk_IBUF_BUFG | ram_reg_2624_2687_0_2_i_1_n_0   |                  |                6 |             22 |
|  clk_IBUF_BUFG | ram_reg_3200_3263_0_2_i_1_n_0   |                  |                6 |             22 |
|  clk_IBUF_BUFG | ram_reg_3136_3199_0_2_i_1_n_0   |                  |                6 |             22 |
|  clk_IBUF_BUFG | ram_reg_3072_3135_0_2_i_1_n_0   |                  |                6 |             22 |
|  clk_IBUF_BUFG | ram_reg_3008_3071_0_2_i_1_n_0   |                  |                6 |             22 |
|  clk_IBUF_BUFG | ram_reg_2944_3007_0_2_i_1_n_0   |                  |                6 |             22 |
|  clk_IBUF_BUFG | ram_reg_2880_2943_0_2_i_1_n_0   |                  |                6 |             22 |
|  clk_IBUF_BUFG | ram_reg_2816_2879_0_2_i_1_n_0   |                  |                6 |             22 |
|  clk_IBUF_BUFG | ram_reg_2752_2815_0_2_i_1_n_0   |                  |                6 |             22 |
|  clk_IBUF_BUFG | ram_reg_2688_2751_0_2_i_1_n_0   |                  |                6 |             22 |
|  clk_IBUF_BUFG | ram_reg_320_383_0_2_i_1_n_0     |                  |                6 |             22 |
|  clk_IBUF_BUFG | ram_reg_256_319_0_2_i_1_n_0     |                  |                6 |             22 |
|  clk_IBUF_BUFG | ram_reg_2560_2623_0_2_i_1_n_0   |                  |                6 |             22 |
|  clk_IBUF_BUFG | ram_reg_2496_2559_0_2_i_1_n_0   |                  |                6 |             22 |
|  clk_IBUF_BUFG | ram_reg_2432_2495_0_2_i_1_n_0   |                  |                6 |             22 |
|  clk_IBUF_BUFG | ram_reg_2368_2431_0_2_i_1_n_0   |                  |                6 |             22 |
|  clk_IBUF_BUFG | ram_reg_2304_2367_0_2_i_1_n_0   |                  |                6 |             22 |
|  clk_IBUF_BUFG | ram_reg_2240_2303_0_2_i_1_n_0   |                  |                6 |             22 |
|  clk_IBUF_BUFG | ram_reg_2176_2239_0_2_i_1_n_0   |                  |                6 |             22 |
|  clk_IBUF_BUFG | ram_reg_8320_8383_0_2_i_1_n_0   |                  |                6 |             22 |
|  clk_IBUF_BUFG | ram_reg_8832_8895_0_2_i_1_n_0   |                  |                6 |             22 |
|  clk_IBUF_BUFG | ram_reg_8768_8831_0_2_i_1_n_0   |                  |                6 |             22 |
|  clk_IBUF_BUFG | ram_reg_8704_8767_0_2_i_1_n_0   |                  |                6 |             22 |
|  clk_IBUF_BUFG | ram_reg_8640_8703_0_2_i_1_n_0   |                  |                6 |             22 |
|  clk_IBUF_BUFG | ram_reg_8576_8639_0_2_i_1_n_0   |                  |                6 |             22 |
|  clk_IBUF_BUFG | ram_reg_8512_8575_0_2_i_1_n_0   |                  |                6 |             22 |
|  clk_IBUF_BUFG | ram_reg_8448_8511_0_2_i_1_n_0   |                  |                6 |             22 |
|  clk_IBUF_BUFG | ram_reg_8384_8447_0_2_i_1_n_0   |                  |                6 |             22 |
|  clk_IBUF_BUFG | ram_reg_832_895_0_2_i_1_n_0     |                  |                6 |             22 |
|  clk_IBUF_BUFG | ram_reg_8896_8959_0_2_i_1_n_0   |                  |                6 |             22 |
|  clk_IBUF_BUFG | ram_reg_8256_8319_0_2_i_1_n_0   |                  |                6 |             22 |
|  clk_IBUF_BUFG | ram_reg_8192_8255_0_2_i_1_n_0   |                  |                6 |             22 |
|  clk_IBUF_BUFG | ram_reg_8128_8191_0_2_i_1_n_0   |                  |                6 |             22 |
|  clk_IBUF_BUFG | ram_reg_8064_8127_0_2_i_1_n_0   |                  |                6 |             22 |
|  clk_IBUF_BUFG | ram_reg_8000_8063_0_2_i_1_n_0   |                  |                6 |             22 |
|  clk_IBUF_BUFG | ram_reg_7936_7999_0_2_i_1_n_0   |                  |                6 |             22 |
|  clk_IBUF_BUFG | ram_reg_7872_7935_0_2_i_1_n_0   |                  |                6 |             22 |
|  clk_IBUF_BUFG | ram_reg_7808_7871_0_2_i_1_n_0   |                  |                6 |             22 |
|  clk_IBUF_BUFG | ram_reg_7744_7807_0_2_i_1_n_0   |                  |                6 |             22 |
|  clk_IBUF_BUFG | ram_reg_9472_9535_0_2_i_1_n_0   |                  |                6 |             22 |
|  clk_IBUF_BUFG | ram_reg_9984_10047_0_2_i_1_n_0  |                  |                6 |             22 |
|  clk_IBUF_BUFG | ram_reg_9920_9983_0_2_i_1_n_0   |                  |                6 |             22 |
|  clk_IBUF_BUFG | ram_reg_9856_9919_0_2_i_1_n_0   |                  |                6 |             22 |
|  clk_IBUF_BUFG | ram_reg_9792_9855_0_2_i_1_n_0   |                  |                6 |             22 |
|  clk_IBUF_BUFG | ram_reg_9728_9791_0_2_i_1_n_0   |                  |                6 |             22 |
|  clk_IBUF_BUFG | ram_reg_9664_9727_0_2_i_1_n_0   |                  |                6 |             22 |
|  clk_IBUF_BUFG | ram_reg_960_1023_0_2_i_1_n_0    |                  |                6 |             22 |
|  clk_IBUF_BUFG | ram_reg_9600_9663_0_2_i_1_n_0   |                  |                6 |             22 |
|  clk_IBUF_BUFG | ram_reg_9536_9599_0_2_i_1_n_0   |                  |                6 |             22 |
|  clk_IBUF_BUFG | ram_reg_768_831_0_2_i_1_n_0     |                  |                6 |             22 |
|  clk_IBUF_BUFG | ram_reg_9408_9471_0_2_i_1_n_0   |                  |                6 |             22 |
|  clk_IBUF_BUFG | ram_reg_9344_9407_0_2_i_1_n_0   |                  |                6 |             22 |
|  clk_IBUF_BUFG | ram_reg_9280_9343_0_2_i_1_n_0   |                  |                6 |             22 |
|  clk_IBUF_BUFG | ram_reg_9216_9279_0_2_i_1_n_0   |                  |                6 |             22 |
|  clk_IBUF_BUFG | ram_reg_9152_9215_0_2_i_1_n_0   |                  |                6 |             22 |
|  clk_IBUF_BUFG | ram_reg_9088_9151_0_2_i_1_n_0   |                  |                6 |             22 |
|  clk_IBUF_BUFG | ram_reg_9024_9087_0_2_i_1_n_0   |                  |                6 |             22 |
|  clk_IBUF_BUFG | ram_reg_896_959_0_2_i_1_n_0     |                  |                6 |             22 |
|  clk_IBUF_BUFG | ram_reg_8960_9023_0_2_i_1_n_0   |                  |                6 |             22 |
|  clk_IBUF_BUFG | ram_reg_6080_6143_0_2_i_1_n_0   |                  |                6 |             22 |
|  clk_IBUF_BUFG | ram_reg_6528_6591_0_2_i_1_n_0   |                  |                6 |             22 |
|  clk_IBUF_BUFG | ram_reg_64_127_0_2_i_1_n_0      |                  |                6 |             22 |
|  clk_IBUF_BUFG | ram_reg_6464_6527_0_2_i_1_n_0   |                  |                6 |             22 |
|  clk_IBUF_BUFG | ram_reg_640_703_0_2_i_1_n_0     |                  |                6 |             22 |
|  clk_IBUF_BUFG | ram_reg_6400_6463_0_2_i_1_n_0   |                  |                6 |             22 |
|  clk_IBUF_BUFG | ram_reg_6336_6399_0_2_i_1_n_0   |                  |                6 |             22 |
|  clk_IBUF_BUFG | ram_reg_6272_6335_0_2_i_1_n_0   |                  |                6 |             22 |
|  clk_IBUF_BUFG | ram_reg_6208_6271_0_2_i_1_n_0   |                  |                6 |             22 |
|  clk_IBUF_BUFG | ram_reg_6144_6207_0_2_i_1_n_0   |                  |                6 |             22 |
|  clk_IBUF_BUFG | ram_reg_6592_6655_0_2_i_1_n_0   |                  |                6 |             22 |
|  clk_IBUF_BUFG | ram_reg_6016_6079_0_2_i_1_n_0   |                  |                6 |             22 |
|  clk_IBUF_BUFG | ram_reg_5952_6015_0_2_i_1_n_0   |                  |                6 |             22 |
|  clk_IBUF_BUFG | ram_reg_5888_5951_0_2_i_1_n_0   |                  |                6 |             22 |
|  clk_IBUF_BUFG | ram_reg_5824_5887_0_2_i_1_n_0   |                  |                6 |             22 |
|  clk_IBUF_BUFG | ram_reg_576_639_0_2_i_1_n_0     |                  |                6 |             22 |
|  clk_IBUF_BUFG | ram_reg_5760_5823_0_2_i_1_n_0   |                  |                6 |             22 |
|  clk_IBUF_BUFG | ram_reg_5696_5759_0_2_i_1_n_0   |                  |                6 |             22 |
|  clk_IBUF_BUFG | ram_reg_5632_5695_0_2_i_1_n_0   |                  |                6 |             22 |
|  clk_IBUF_BUFG | ram_reg_5568_5631_0_2_i_1_n_0   |                  |                6 |             22 |
|  clk_IBUF_BUFG | ram_reg_7104_7167_0_2_i_1_n_0   |                  |                6 |             22 |
|  clk_IBUF_BUFG | ram_reg_7680_7743_0_2_i_1_n_0   |                  |                6 |             22 |
|  clk_IBUF_BUFG | ram_reg_7616_7679_0_2_i_1_n_0   |                  |                6 |             22 |
|  clk_IBUF_BUFG | ram_reg_7552_7615_0_2_i_1_n_0   |                  |                6 |             22 |
|  clk_IBUF_BUFG | ram_reg_7488_7551_0_2_i_1_n_0   |                  |                6 |             22 |
|  clk_IBUF_BUFG | ram_reg_7424_7487_0_2_i_1_n_0   |                  |                6 |             22 |
|  clk_IBUF_BUFG | ram_reg_7360_7423_0_2_i_1_n_0   |                  |                6 |             22 |
|  clk_IBUF_BUFG | ram_reg_7296_7359_0_2_i_1_n_0   |                  |                6 |             22 |
|  clk_IBUF_BUFG | ram_reg_7232_7295_0_2_i_1_n_0   |                  |                6 |             22 |
|  clk_IBUF_BUFG | ram_reg_7168_7231_0_2_i_1_n_0   |                  |                6 |             22 |
|  clk_IBUF_BUFG | ram_reg_19008_19071_0_2_i_1_n_0 |                  |                6 |             22 |
|  clk_IBUF_BUFG | ram_reg_704_767_0_2_i_1_n_0     |                  |                6 |             22 |
|  clk_IBUF_BUFG | ram_reg_7040_7103_0_2_i_1_n_0   |                  |                6 |             22 |
|  clk_IBUF_BUFG | ram_reg_6976_7039_0_2_i_1_n_0   |                  |                6 |             22 |
|  clk_IBUF_BUFG | ram_reg_6912_6975_0_2_i_1_n_0   |                  |                6 |             22 |
|  clk_IBUF_BUFG | ram_reg_6848_6911_0_2_i_1_n_0   |                  |                6 |             22 |
|  clk_IBUF_BUFG | ram_reg_6784_6847_0_2_i_1_n_0   |                  |                6 |             22 |
|  clk_IBUF_BUFG | ram_reg_6720_6783_0_2_i_1_n_0   |                  |                6 |             22 |
|  clk_IBUF_BUFG | ram_reg_6656_6719_0_2_i_1_n_0   |                  |                6 |             22 |
|  clk_IBUF_BUFG | ram_reg_12864_12927_0_2_i_1_n_0 |                  |                6 |             22 |
|  clk_IBUF_BUFG | ram_reg_11712_11775_0_2_i_1_n_0 |                  |                6 |             22 |
|  clk_IBUF_BUFG | ram_reg_11584_11647_0_2_i_1_n_0 |                  |                6 |             22 |
|  clk_IBUF_BUFG | ram_reg_13248_13311_0_2_i_1_n_0 |                  |                6 |             22 |
|  clk_IBUF_BUFG | ram_reg_13184_13247_0_2_i_1_n_0 |                  |                6 |             22 |
|  clk_IBUF_BUFG | ram_reg_13120_13183_0_2_i_1_n_0 |                  |                6 |             22 |
|  clk_IBUF_BUFG | ram_reg_13056_13119_0_2_i_1_n_0 |                  |                6 |             22 |
|  clk_IBUF_BUFG | ram_reg_12992_13055_0_2_i_1_n_0 |                  |                6 |             22 |
|  clk_IBUF_BUFG | ram_reg_12928_12991_0_2_i_1_n_0 |                  |                6 |             22 |
|  clk_IBUF_BUFG | ram_reg_128_191_0_2_i_1_n_0     |                  |                6 |             22 |
|  clk_IBUF_BUFG | ram_reg_13312_13375_0_2_i_1_n_0 |                  |                6 |             22 |
|  clk_IBUF_BUFG | ram_reg_1280_1343_0_2_i_1_n_0   |                  |                6 |             22 |
|  clk_IBUF_BUFG | ram_reg_12800_12863_0_2_i_1_n_0 |                  |                6 |             22 |
|  clk_IBUF_BUFG | ram_reg_11648_11711_0_2_i_1_n_0 |                  |                6 |             22 |
|  clk_IBUF_BUFG | ram_reg_11392_11455_0_2_i_1_n_0 |                  |                6 |             22 |
|  clk_IBUF_BUFG | ram_reg_1152_1215_0_2_i_1_n_0   |                  |                6 |             22 |
|  clk_IBUF_BUFG | ram_reg_12672_12735_0_2_i_1_n_0 |                  |                6 |             22 |
|  clk_IBUF_BUFG | ram_reg_13632_13695_0_2_i_1_n_0 |                  |                6 |             22 |
|  clk_IBUF_BUFG | ram_reg_13504_13567_0_2_i_1_n_0 |                  |                6 |             22 |
|  clk_IBUF_BUFG | ram_reg_12608_12671_0_2_i_1_n_0 |                  |                6 |             22 |
|  clk_IBUF_BUFG | ram_reg_13888_13951_0_2_i_1_n_0 |                  |                6 |             22 |
|  clk_IBUF_BUFG | ram_reg_14400_14463_0_2_i_1_n_0 |                  |                6 |             22 |
|  clk_IBUF_BUFG | ram_reg_14336_14399_0_2_i_1_n_0 |                  |                6 |             22 |
|  clk_IBUF_BUFG | ram_reg_14272_14335_0_2_i_1_n_0 |                  |                6 |             22 |
|  clk_IBUF_BUFG | ram_reg_14208_14271_0_2_i_1_n_0 |                  |                6 |             22 |
|  clk_IBUF_BUFG | ram_reg_14144_14207_0_2_i_1_n_0 |                  |                6 |             22 |
|  clk_IBUF_BUFG | ram_reg_1408_1471_0_2_i_1_n_0   |                  |                6 |             22 |
|  clk_IBUF_BUFG | ram_reg_14080_14143_0_2_i_1_n_0 |                  |                6 |             22 |
|  clk_IBUF_BUFG | ram_reg_14016_14079_0_2_i_1_n_0 |                  |                6 |             22 |
|  clk_IBUF_BUFG | ram_reg_13952_14015_0_2_i_1_n_0 |                  |                6 |             22 |
|  clk_IBUF_BUFG | ram_reg_12416_12479_0_2_i_1_n_0 |                  |                6 |             22 |
|  clk_IBUF_BUFG | ram_reg_13824_13887_0_2_i_1_n_0 |                  |                6 |             22 |
|  clk_IBUF_BUFG | ram_reg_13760_13823_0_2_i_1_n_0 |                  |                6 |             22 |
|  clk_IBUF_BUFG | ram_reg_13696_13759_0_2_i_1_n_0 |                  |                6 |             22 |
|  clk_IBUF_BUFG | ram_reg_11200_11263_0_2_i_1_n_0 |                  |                6 |             22 |
|  clk_IBUF_BUFG | ram_reg_12160_12223_0_2_i_1_n_0 |                  |                6 |             22 |
|  clk_IBUF_BUFG | ram_reg_13568_13631_0_2_i_1_n_0 |                  |                6 |             22 |
|  clk_IBUF_BUFG | ram_reg_1344_1407_0_2_i_1_n_0   |                  |                6 |             22 |
|  clk_IBUF_BUFG | ram_reg_13440_13503_0_2_i_1_n_0 |                  |                6 |             22 |
|  clk_IBUF_BUFG | ram_reg_13376_13439_0_2_i_1_n_0 |                  |                6 |             22 |
|  clk_IBUF_BUFG | ram_reg_11328_11391_0_2_i_1_n_0 |                  |                6 |             22 |
|  clk_IBUF_BUFG | ram_reg_12736_12799_0_2_i_1_n_0 |                  |                6 |             22 |
|  clk_IBUF_BUFG | ram_reg_11904_11967_0_2_i_1_n_0 |                  |                6 |             22 |
|  clk_IBUF_BUFG | ram_reg_11008_11071_0_2_i_1_n_0 |                  |                6 |             22 |
|  clk_IBUF_BUFG | ram_reg_10880_10943_0_2_i_1_n_0 |                  |                6 |             22 |
|  clk_IBUF_BUFG | ram_reg_11968_12031_0_2_i_1_n_0 |                  |                6 |             22 |
|  clk_IBUF_BUFG | ram_reg_12544_12607_0_2_i_1_n_0 |                  |                6 |             22 |
|  clk_IBUF_BUFG | ram_reg_12224_12287_0_2_i_1_n_0 |                  |                6 |             22 |
|  clk_IBUF_BUFG | ram_reg_11840_11903_0_2_i_1_n_0 |                  |                6 |             22 |
|  clk_IBUF_BUFG | ram_reg_11776_11839_0_2_i_1_n_0 |                  |                6 |             22 |
|  clk_IBUF_BUFG | ram_reg_12096_12159_0_2_i_1_n_0 |                  |                6 |             22 |
|  clk_IBUF_BUFG | ram_reg_10816_10879_0_2_i_1_n_0 |                  |                6 |             22 |
|  clk_IBUF_BUFG | ram_reg_10560_10623_0_2_i_1_n_0 |                  |                6 |             22 |
|  clk_IBUF_BUFG | ram_reg_10496_10559_0_2_i_1_n_0 |                  |                6 |             22 |
|  clk_IBUF_BUFG | ram_reg_10240_10303_0_2_i_1_n_0 |                  |                6 |             22 |
|  clk_IBUF_BUFG | ram_reg_10112_10175_0_2_i_1_n_0 |                  |                6 |             22 |
|  clk_IBUF_BUFG | ram_reg_0_63_0_2_i_1_n_0        |                  |                6 |             22 |
|  clk_IBUF_BUFG | ram_reg_11456_11519_0_2_i_1_n_0 |                  |                6 |             22 |
|  clk_IBUF_BUFG | ram_reg_11520_11583_0_2_i_1_n_0 |                  |                6 |             22 |
|  clk_IBUF_BUFG | ram_reg_11264_11327_0_2_i_1_n_0 |                  |                6 |             22 |
|  clk_IBUF_BUFG | ram_reg_10688_10751_0_2_i_1_n_0 |                  |                6 |             22 |
|  clk_IBUF_BUFG | ram_reg_12352_12415_0_2_i_1_n_0 |                  |                6 |             22 |
|  clk_IBUF_BUFG | ram_reg_12288_12351_0_2_i_1_n_0 |                  |                6 |             22 |
|  clk_IBUF_BUFG | ram_reg_1216_1279_0_2_i_1_n_0   |                  |                6 |             22 |
|  clk_IBUF_BUFG | ram_reg_12032_12095_0_2_i_1_n_0 |                  |                6 |             22 |
|  clk_IBUF_BUFG | ram_reg_11136_11199_0_2_i_1_n_0 |                  |                6 |             22 |
|  clk_IBUF_BUFG | ram_reg_11072_11135_0_2_i_1_n_0 |                  |                6 |             22 |
|  clk_IBUF_BUFG | ram_reg_10944_11007_0_2_i_1_n_0 |                  |                6 |             22 |
|  clk_IBUF_BUFG | ram_reg_1088_1151_0_2_i_1_n_0   |                  |                6 |             22 |
|  clk_IBUF_BUFG | ram_reg_10752_10815_0_2_i_1_n_0 |                  |                6 |             22 |
|  clk_IBUF_BUFG | ram_reg_14464_14527_0_2_i_1_n_0 |                  |                6 |             22 |
|  clk_IBUF_BUFG | ram_reg_10624_10687_0_2_i_1_n_0 |                  |                6 |             22 |
|  clk_IBUF_BUFG | ram_reg_10432_10495_0_2_i_1_n_0 |                  |                6 |             22 |
|  clk_IBUF_BUFG | ram_reg_10368_10431_0_2_i_1_n_0 |                  |                6 |             22 |
|  clk_IBUF_BUFG | ram_reg_10304_10367_0_2_i_1_n_0 |                  |                6 |             22 |
|  clk_IBUF_BUFG | ram_reg_1024_1087_0_2_i_1_n_0   |                  |                6 |             22 |
|  clk_IBUF_BUFG | ram_reg_10176_10239_0_2_i_1_n_0 |                  |                6 |             22 |
|  clk_IBUF_BUFG | ram_reg_10048_10111_0_2_i_1_n_0 |                  |                6 |             22 |
|  clk_IBUF_BUFG | ram_reg_12480_12543_0_2_i_1_n_0 |                  |                6 |             22 |
|  clk_IBUF_BUFG | ram_reg_1728_1791_0_2_i_1_n_0   |                  |                6 |             22 |
|  clk_IBUF_BUFG | ram_reg_17856_17919_0_2_i_1_n_0 |                  |                6 |             22 |
|  clk_IBUF_BUFG | ram_reg_17792_17855_0_2_i_1_n_0 |                  |                6 |             22 |
|  clk_IBUF_BUFG | ram_reg_17728_17791_0_2_i_1_n_0 |                  |                6 |             22 |
|  clk_IBUF_BUFG | ram_reg_17664_17727_0_2_i_1_n_0 |                  |                6 |             22 |
|  clk_IBUF_BUFG | ram_reg_17600_17663_0_2_i_1_n_0 |                  |                6 |             22 |
|  clk_IBUF_BUFG | ram_reg_17536_17599_0_2_i_1_n_0 |                  |                6 |             22 |
|  clk_IBUF_BUFG | ram_reg_17472_17535_0_2_i_1_n_0 |                  |                6 |             22 |
|  clk_IBUF_BUFG | ram_reg_17408_17471_0_2_i_1_n_0 |                  |                6 |             22 |
|  clk_IBUF_BUFG | ram_reg_17344_17407_0_2_i_1_n_0 |                  |                6 |             22 |
|  clk_IBUF_BUFG | ram_reg_17920_17983_0_2_i_1_n_0 |                  |                6 |             22 |
|  clk_IBUF_BUFG | ram_reg_17280_17343_0_2_i_1_n_0 |                  |                6 |             22 |
|  clk_IBUF_BUFG | ram_reg_17216_17279_0_2_i_1_n_0 |                  |                6 |             22 |
|  clk_IBUF_BUFG | ram_reg_17152_17215_0_2_i_1_n_0 |                  |                6 |             22 |
|  clk_IBUF_BUFG | ram_reg_17088_17151_0_2_i_1_n_0 |                  |                6 |             22 |
|  clk_IBUF_BUFG | ram_reg_17024_17087_0_2_i_1_n_0 |                  |                6 |             22 |
|  clk_IBUF_BUFG | ram_reg_16960_17023_0_2_i_1_n_0 |                  |                6 |             22 |
|  clk_IBUF_BUFG | ram_reg_16896_16959_0_2_i_1_n_0 |                  |                6 |             22 |
|  clk_IBUF_BUFG | ram_reg_16832_16895_0_2_i_1_n_0 |                  |                6 |             22 |
|  clk_IBUF_BUFG | ram_reg_16768_16831_0_2_i_1_n_0 |                  |                6 |             22 |
|  clk_IBUF_BUFG | ram_reg_18432_18495_0_2_i_1_n_0 |                  |                6 |             22 |
|  clk_IBUF_BUFG | ram_reg_18944_19007_0_2_i_1_n_0 |                  |                6 |             22 |
|  clk_IBUF_BUFG | ram_reg_18880_18943_0_2_i_1_n_0 |                  |                6 |             22 |
|  clk_IBUF_BUFG | ram_reg_18816_18879_0_2_i_1_n_0 |                  |                6 |             22 |
|  clk_IBUF_BUFG | ram_reg_18752_18815_0_2_i_1_n_0 |                  |                6 |             22 |
|  clk_IBUF_BUFG | ram_reg_18688_18751_0_2_i_1_n_0 |                  |                6 |             22 |
|  clk_IBUF_BUFG | ram_reg_18624_18687_0_2_i_1_n_0 |                  |                6 |             22 |
|  clk_IBUF_BUFG | ram_reg_1856_1919_0_2_i_1_n_0   |                  |                6 |             22 |
|  clk_IBUF_BUFG | ram_reg_18560_18623_0_2_i_1_n_0 |                  |                6 |             22 |
|  clk_IBUF_BUFG | ram_reg_18496_18559_0_2_i_1_n_0 |                  |                6 |             22 |
|  clk_IBUF_BUFG | ram_reg_16704_16767_0_2_i_1_n_0 |                  |                6 |             22 |
|  clk_IBUF_BUFG | ram_reg_18368_18431_0_2_i_1_n_0 |                  |                6 |             22 |
|  clk_IBUF_BUFG | ram_reg_18304_18367_0_2_i_1_n_0 |                  |                6 |             22 |
|  clk_IBUF_BUFG | ram_reg_18240_18303_0_2_i_1_n_0 |                  |                6 |             22 |
|  clk_IBUF_BUFG | ram_reg_18176_18239_0_2_i_1_n_0 |                  |                6 |             22 |
|  clk_IBUF_BUFG | ram_reg_18112_18175_0_2_i_1_n_0 |                  |                6 |             22 |
|  clk_IBUF_BUFG | ram_reg_18048_18111_0_2_i_1_n_0 |                  |                6 |             22 |
|  clk_IBUF_BUFG | ram_reg_17984_18047_0_2_i_1_n_0 |                  |                6 |             22 |
|  clk_IBUF_BUFG | ram_reg_1792_1855_0_2_i_1_n_0   |                  |                6 |             22 |
|  clk_IBUF_BUFG | ram_reg_15040_15103_0_2_i_1_n_0 |                  |                6 |             22 |
|  clk_IBUF_BUFG | ram_reg_15552_15615_0_2_i_1_n_0 |                  |                6 |             22 |
|  clk_IBUF_BUFG | ram_reg_15488_15551_0_2_i_1_n_0 |                  |                6 |             22 |
|  clk_IBUF_BUFG | ram_reg_15424_15487_0_2_i_1_n_0 |                  |                6 |             22 |
|  clk_IBUF_BUFG | ram_reg_1536_1599_0_2_i_1_n_0   |                  |                6 |             22 |
|  clk_IBUF_BUFG | ram_reg_15360_15423_0_2_i_1_n_0 |                  |                6 |             22 |
|  clk_IBUF_BUFG | ram_reg_15296_15359_0_2_i_1_n_0 |                  |                6 |             22 |
|  clk_IBUF_BUFG | ram_reg_15232_15295_0_2_i_1_n_0 |                  |                6 |             22 |
|  clk_IBUF_BUFG | ram_reg_15168_15231_0_2_i_1_n_0 |                  |                6 |             22 |
|  clk_IBUF_BUFG | ram_reg_15104_15167_0_2_i_1_n_0 |                  |                6 |             22 |
|  clk_IBUF_BUFG | ram_reg_15616_15679_0_2_i_1_n_0 |                  |                6 |             22 |
|  clk_IBUF_BUFG | ram_reg_14976_15039_0_2_i_1_n_0 |                  |                6 |             22 |
|  clk_IBUF_BUFG | ram_reg_14912_14975_0_2_i_1_n_0 |                  |                6 |             22 |
|  clk_IBUF_BUFG | ram_reg_14848_14911_0_2_i_1_n_0 |                  |                6 |             22 |
|  clk_IBUF_BUFG | ram_reg_14784_14847_0_2_i_1_n_0 |                  |                6 |             22 |
|  clk_IBUF_BUFG | ram_reg_1472_1535_0_2_i_1_n_0   |                  |                6 |             22 |
|  clk_IBUF_BUFG | ram_reg_14720_14783_0_2_i_1_n_0 |                  |                6 |             22 |
|  clk_IBUF_BUFG | ram_reg_14656_14719_0_2_i_1_n_0 |                  |                6 |             22 |
|  clk_IBUF_BUFG | ram_reg_14592_14655_0_2_i_1_n_0 |                  |                6 |             22 |
|  clk_IBUF_BUFG | ram_reg_14528_14591_0_2_i_1_n_0 |                  |                6 |             22 |
|  clk_IBUF_BUFG | ram_reg_16128_16191_0_2_i_1_n_0 |                  |                6 |             22 |
|  clk_IBUF_BUFG | ram_reg_1664_1727_0_2_i_1_n_0   |                  |                6 |             22 |
|  clk_IBUF_BUFG | ram_reg_16640_16703_0_2_i_1_n_0 |                  |                6 |             22 |
|  clk_IBUF_BUFG | ram_reg_16576_16639_0_2_i_1_n_0 |                  |                6 |             22 |
|  clk_IBUF_BUFG | ram_reg_16512_16575_0_2_i_1_n_0 |                  |                6 |             22 |
|  clk_IBUF_BUFG | ram_reg_16448_16511_0_2_i_1_n_0 |                  |                6 |             22 |
|  clk_IBUF_BUFG | ram_reg_16384_16447_0_2_i_1_n_0 |                  |                6 |             22 |
|  clk_IBUF_BUFG | ram_reg_16320_16383_0_2_i_1_n_0 |                  |                6 |             22 |
|  clk_IBUF_BUFG | ram_reg_16256_16319_0_2_i_1_n_0 |                  |                6 |             22 |
|  clk_IBUF_BUFG | ram_reg_16192_16255_0_2_i_1_n_0 |                  |                6 |             22 |
|  clk_IBUF_BUFG | ram_reg_19072_19135_0_2_i_1_n_0 |                  |                6 |             22 |
|  clk_IBUF_BUFG | ram_reg_16064_16127_0_2_i_1_n_0 |                  |                6 |             22 |
|  clk_IBUF_BUFG | ram_reg_1600_1663_0_2_i_1_n_0   |                  |                6 |             22 |
|  clk_IBUF_BUFG | ram_reg_16000_16063_0_2_i_1_n_0 |                  |                6 |             22 |
|  clk_IBUF_BUFG | ram_reg_15936_15999_0_2_i_1_n_0 |                  |                6 |             22 |
|  clk_IBUF_BUFG | ram_reg_15872_15935_0_2_i_1_n_0 |                  |                6 |             22 |
|  clk_IBUF_BUFG | ram_reg_15808_15871_0_2_i_1_n_0 |                  |                6 |             22 |
|  clk_IBUF_BUFG | ram_reg_15744_15807_0_2_i_1_n_0 |                  |                6 |             22 |
|  clk_IBUF_BUFG | ram_reg_15680_15743_0_2_i_1_n_0 |                  |                6 |             22 |
+----------------+---------------------------------+------------------+------------------+----------------+


