Copyright 1986-2018 Xilinx, Inc. All Rights Reserved.
------------------------------------------------------------------------------------------------------------------------------------------------------
| Tool Version : Vivado v.2018.1 (lin64) Build 2188600 Wed Apr  4 18:39:19 MDT 2018
| Date         : Thu Jul 12 22:44:25 2018
| Host         : SATANASSO running 64-bit unknown
| Command      : report_drc -file edge_detector_filter_drc_routed.rpt -pb edge_detector_filter_drc_routed.pb -rpx edge_detector_filter_drc_routed.rpx
| Design       : edge_detector_filter
| Device       : xc7z020clg400-1
| Speed File   : -1
| Design State : Routed
------------------------------------------------------------------------------------------------------------------------------------------------------

Report DRC

Table of Contents
-----------------
1. REPORT SUMMARY
2. REPORT DETAILS

1. REPORT SUMMARY
-----------------
            Netlist: netlist
          Floorplan: design_1
      Design limits: <entire design considered>
           Ruledeck: default
             Max violations: <unlimited>
             Violations found: 1
+--------+----------+--------------------+------------+
| Rule   | Severity | Description        | Violations |
+--------+----------+--------------------+------------+
| ZPS7-1 | Warning  | PS7 block required | 1          |
+--------+----------+--------------------+------------+

2. REPORT DETAILS
-----------------
ZPS7-1#1 Warning
PS7 block required  
The PS7 cell must be used in this Zynq design in order to enable correct default configuration.
Related violations: <none>


